Method: POST Url: /api/v1/reverec/jobs Date: 5/9/2024 Time: 4:54:24 PM - Message: Invalid job advertisement data. Required data is: title, description, location, salaryRange and qualifications.
Method: GET Url: /api/v1/reverec/jobs/cf22b7b985a34a4e94ec8e5382045e3 Date: 5/9/2024 Time: 4:59:08 PM - Message: No job advertisements found with the provided ID.
Method: PUT Url: /api/v1/reverec/jobs/da4ede1eea9d4b78b32ca1f52d07c5fd Date: 5/9/2024 Time: 4:59:29 PM - Message: No job advertisements found with the provided ID.
Method: DELETE Url: /api/v1/reverec/jobs/fc8f0dda2efd41d5b2a0e99a1d349603 Date: 5/9/2024 Time: 4:59:33 PM - Message: No job advertisements found with the provided ID.
Method: DELETE Url: /api/v1/reverec/jobs/fc8f0dda2efd41d5b2a0e99a1d349603 Date: 5/9/2024 Time: 5:08:26 PM - Message: No job advertisements found with the provided ID.
Method: POST Url: /api/v1/reverec/candidates/register-candidate Date: 5/9/2024 Time: 5:23:35 PM - Message: fetch failed
Method: POST Url: /api/v1/reverec/candidates/register-candidate Date: 5/9/2024 Time: 5:24:02 PM - Message: fetch failed
Method: POST Url: /api/v1/reverec/candidates/register-candidate Date: 5/9/2024 Time: 5:26:13 PM - Message: Node http://localhost:500 is not active or the URL is misspelled
Method: POST Url: /api/v1/reverec/candidates/register-candidate Date: 5/9/2024 Time: 5:26:21 PM - Message: Node http://localhost:500 is not active or the URL is misspelled
Method: POST Url: /api/v1/reverec/candidates/register-candidate Date: 5/9/2024 Time: 5:27:24 PM - Message: Candidate http://localhost:5002 is already registered
Method: POST Url: /api/v1/reverec/candidates/register-candidate Date: 5/9/2024 Time: 5:27:50 PM - Message: Candidate http://localhost:5002 is already registered
Method: POST Url: /api/v1/reverec/candidates/register-candidate Date: 5/9/2024 Time: 5:27:50 PM - Message: Node http://localhost:5002 is not active or the URL is misspelled
Method: POST Url: /api/v1/reverec/candidates/register-candidate Date: 5/9/2024 Time: 5:28:25 PM - Message: Candidate http://localhost:5002 is already registered
Method: POST Url: /api/v1/reverec/candidates/register-candidate Date: 5/9/2024 Time: 5:31:07 PM - Message: Candidate http://localhost:5002 is already registered
Method: POST Url: /api/v1/reverec/candidates/register-candidate Date: 5/9/2024 Time: 5:31:07 PM - Message: Node http://localhost:5002 is not active or the URL is misspelled
Method: POST Url: /api/v1/reverec/candidates/register-candidate Date: 5/9/2024 Time: 5:32:12 PM - Message: Candidate http://localhost:5002 is already registered
Method: POST Url: /api/v1/reverec/candidates/register-candidate Date: 5/9/2024 Time: 5:39:37 PM - Message: Candidate http://localhost:5002 is already registered
Method: POST Url: /api/v1/reverec/candidates/register-candidate Date: 5/9/2024 Time: 5:39:37 PM - Message: Node http://localhost:5002 is not active or the URL is misspelled
Method: POST Url: /api/v1/reverec/candidates/register-candidate Date: 5/9/2024 Time: 5:43:08 PM - Message: Candidate http://localhost:5002 is already registered
Method: POST Url: /api/v1/reverec/candidates/register-candidate Date: 5/9/2024 Time: 5:43:08 PM - Message: Node http://localhost:5002 is not active or the URL is misspelled
Method: POST Url: /api/v1/reverec/candidates/register-candidate Date: 5/9/2024 Time: 5:44:12 PM - Message: Candidate http://localhost:5002 is already registered
Method: POST Url: /api/v1/reverec/candidates/register-candidate Date: 5/9/2024 Time: 5:44:12 PM - Message: Node http://localhost:5002 is not active or the URL is misspelled
Method: POST Url: /api/v1/reverec/candidates/register-candidate Date: 5/9/2024 Time: 5:45:20 PM - Message: Candidate http://localhost:5002 is already registered
Method: POST Url: /api/v1/reverec/candidates/register-candidate Date: 5/9/2024 Time: 5:45:20 PM - Message: Node http://localhost:5002 is not active or the URL is misspelled
Method: POST Url: /api/v1/reverec/candidates/register-candidate Date: 5/9/2024 Time: 5:46:44 PM - Message: Candidate http://localhost:5002 is already registered
Method: POST Url: /api/v1/reverec/candidates/register-candidate Date: 5/9/2024 Time: 5:46:44 PM - Message: Node http://localhost:5002 is not active or the URL is misspelled
Method: POST Url: /api/v1/reverec/candidates/register-candidate Date: 5/9/2024 Time: 5:48:47 PM - Message: Candidate http://localhost:5002 is already registered
Method: POST Url: /api/v1/reverec/candidates/register-candidate Date: 5/9/2024 Time: 5:48:47 PM - Message: Node http://localhost:5002 is not active or the URL is misspelled
Method: POST Url: /api/v1/reverec/candidates/register-candidate Date: 5/9/2024 Time: 5:49:57 PM - Message: Candidate http://localhost:5002 is already registered
Method: POST Url: /api/v1/reverec/candidates/register-candidate Date: 5/9/2024 Time: 5:49:57 PM - Message: Node http://localhost:5002 is not active or the URL is misspelled
Method: POST Url: /api/v1/reverec/candidates/register-candidate Date: 5/9/2024 Time: 5:50:56 PM - Message: Candidate http://localhost:5002 is already registered
Method: POST Url: /api/v1/reverec/candidates/register-candidate Date: 5/9/2024 Time: 5:50:56 PM - Message: Candidate http://localhost:5003 is already registered
Method: POST Url: /api/v1/reverec/candidates/register-candidate Date: 5/9/2024 Time: 5:50:56 PM - Message: Node http://localhost:5003 is not active or the URL is misspelled
Method: POST Url: /api/v1/reverec/candidates/register-candidate Date: 5/9/2024 Time: 5:50:56 PM - Message: Node http://localhost:5003 is not active or the URL is misspelled
Method: POST Url: /api/v1/reverec/candidates/register-candidate Date: 5/9/2024 Time: 5:51:48 PM - Message: Candidate http://localhost:5002 is already registered
Method: POST Url: /api/v1/reverec/candidates/register-candidate Date: 5/9/2024 Time: 5:51:48 PM - Message: Candidate http://localhost:5003 is already registered
Method: POST Url: /api/v1/reverec/candidates/register-candidate Date: 5/9/2024 Time: 5:51:48 PM - Message: Node http://localhost:5003 is not active or the URL is misspelled
Method: POST Url: /api/v1/reverec/candidates/register-candidate Date: 5/9/2024 Time: 5:55:36 PM - Message: Candidate http://localhost:5002 is already registered
Method: POST Url: /api/v1/reverec/candidates/register-candidate Date: 5/9/2024 Time: 5:55:36 PM - Message: Candidate http://localhost:5003 is already registered
Method: POST Url: /api/v1/reverec/candidates/register-candidate Date: 5/9/2024 Time: 5:55:36 PM - Message: Candidate http://localhost:5002 is already registered
Method: POST Url: /api/v1/reverec/candidates/register-candidate Date: 5/9/2024 Time: 5:55:39 PM - Message: Candidate http://localhost:5002 is already registered
Method: POST Url: /api/v1/reverec/candidates/register-candidate Date: 5/9/2024 Time: 6:02:55 PM - Message: Failed to register candidate [object Object] at http://localhost:5002
Method: POST Url: /api/v1/reverec/candidates/register-candidate Date: 5/9/2024 Time: 6:03:34 PM - Message: Failed to register candidate at http://localhost:5002
Method: POST Url: /api/v1/reverec/candidates/register-candidate Date: 5/9/2024 Time: 6:08:23 PM - Message: Failed to register candidate at http://localhost:5002
Method: POST Url: /api/v1/reverec/candidates/register-candidate Date: 5/9/2024 Time: 6:15:48 PM - Message: Candidate http://localhost:5002 is already registered
Method: POST Url: /api/v1/reverec/candidates/register-candidate Date: 5/9/2024 Time: 6:15:48 PM - Message: Failed to register candidate at http://localhost:5002
Method: POST Url: /api/v1/reverec/candidates/register-candidate Date: 5/9/2024 Time: 6:17:30 PM - Message: Candidate http://localhost:5002 is already registered
Method: POST Url: /api/v1/reverec/candidates/register-candidate Date: 5/9/2024 Time: 6:17:30 PM - Message: Failed to register candidate at http://localhost:5002
Method: POST Url: /api/v1/reverec/candidates/register-candidate Date: 5/9/2024 Time: 6:20:09 PM - Message: Candidate http://localhost:5002 is already registered
Method: POST Url: /api/v1/reverec/candidates/register-candidate Date: 5/9/2024 Time: 6:20:09 PM - Message: Failed to register candidate at http://localhost:5002
Method: POST Url: /api/v1/reverec/candidates/register-candidate Date: 5/9/2024 Time: 6:20:52 PM - Message: Candidate http://localhost:5002 is already registered
Method: POST Url: /api/v1/reverec/candidates/register-candidate Date: 5/9/2024 Time: 6:21:49 PM - Message: Candidate http://localhost:5002 is already registered
Method: POST Url: /api/v1/reverec/candidates/register-candidate Date: 5/9/2024 Time: 6:21:49 PM - Message: Failed to register candidate at http://localhost:5002: 
Method: POST Url: /api/v1/reverec/candidates/register-candidate Date: 5/9/2024 Time: 6:23:01 PM - Message: Candidate http://localhost:5002 is already registered
Method: POST Url: /api/v1/reverec/candidates/register-candidate Date: 5/9/2024 Time: 6:23:01 PM - Message: Failed to register candidate at http://localhost:5002: 
Method: POST Url: /api/v1/reverec/candidates/register-candidate Date: 5/9/2024 Time: 6:24:26 PM - Message: Candidate http://localhost:5002 is already registered
Method: POST Url: /api/v1/reverec/candidates/register-candidate Date: 5/9/2024 Time: 6:24:26 PM - Message: Failed to register candidate at http://localhost:5002: Request failed with status 400 Bad Request
Method: POST Url: /api/v1/reverec/candidates/register-candidate Date: 5/9/2024 Time: 6:26:23 PM - Message: Candidate http://localhost:5002 is already registered
Method: POST Url: /api/v1/reverec/candidates/register-candidate Date: 5/9/2024 Time: 6:26:23 PM - Message: Failed to register candidate at http://localhost:5002
Method: POST Url: /api/v1/reverec/candidates/register-candidate Date: 5/9/2024 Time: 6:26:37 PM - Message: Failed to register candidate at http://localhost:500
Method: POST Url: /api/v1/reverec/candidates/register-candidate Date: 5/9/2024 Time: 6:28:50 PM - Message: Candidate http://localhost:5002 is already registered
Method: POST Url: /api/v1/reverec/candidates/register-candidate Date: 5/9/2024 Time: 6:31:22 PM - Message: Syncronizing chain is not working
Method: POST Url: /api/v1/reverec/candidates/register-candidate Date: 5/9/2024 Time: 6:31:22 PM - Message: Candidate http://localhost:5002 is already registered
Method: POST Url: /api/v1/reverec/candidates/register-candidate Date: 5/9/2024 Time: 6:31:22 PM - Message: Candidate http://localhost:5003 is already registered
Method: POST Url: /api/v1/reverec/candidates/register-candidate Date: 5/9/2024 Time: 6:31:22 PM - Message: Syncronizing chain is not working
Method: POST Url: /api/v1/reverec/candidates/register-candidate Date: 5/9/2024 Time: 6:31:22 PM - Message: Candidate http://localhost:5002 is already registered
Method: POST Url: /api/v1/reverec/candidates/register-candidate Date: 5/9/2024 Time: 6:31:56 PM - Message: Candidate http://localhost:5002 is already registered
Method: POST Url: /api/v1/reverec/candidates/register-candidate Date: 5/9/2024 Time: 6:31:56 PM - Message: Candidate http://localhost:5003 is already registered
Method: POST Url: /api/v1/reverec/candidates/register-candidate Date: 5/9/2024 Time: 6:31:56 PM - Message: Candidate http://localhost:5002 is already registered
Method: POST Url: /api/v1/reverec/candidates/register-candidate Date: 5/9/2024 Time: 6:40:50 PM - Message: Couldnt register candidate at http://localhost:5002. Node is inactive or misspelled at registration.
Method: POST Url: /api/v1/reverec/candidates/register-candidate Date: 5/9/2024 Time: 6:41:10 PM - Message: Candidate http://localhost:5002 is already registered
Method: POST Url: /api/v1/reverec/candidates/register-candidate Date: 5/9/2024 Time: 6:41:20 PM - Message: Candidate http://localhost:5002 is already registered
Method: POST Url: /api/v1/reverec/candidates/register-candidate Date: 5/9/2024 Time: 6:41:20 PM - Message: Candidate http://localhost:5003 is already registered
Method: POST Url: /api/v1/reverec/candidates/register-candidate Date: 5/9/2024 Time: 6:41:20 PM - Message: Candidate http://localhost:5002 is already registered
Method: POST Url: /api/v1/reverec/candidates/register-candidate Date: 5/9/2024 Time: 6:41:37 PM - Message: Candidate http://localhost:5002 is already registered
Method: POST Url: /api/v1/reverec/candidates/register-candidate Date: 5/9/2024 Time: 6:41:37 PM - Message: Candidate http://localhost:5003 is already registered
Method: POST Url: /api/v1/reverec/candidates/register-candidate Date: 5/9/2024 Time: 6:41:37 PM - Message: Candidate http://localhost:5002 is already registered
